{"C:\\Users\\mahar\\OneDrive\\Desktop\\partnr\\cdc-data-export\\src\\app.js": {"path":"C:\\Users\\mahar\\OneDrive\\Desktop\\partnr\\cdc-data-export\\src\\app.js","statementMap":{"0":{"start":{"line":1,"column":16},"end":{"line":1,"column":34}},"1":{"start":{"line":2,"column":18},"end":{"line":2,"column":47}},"2":{"start":{"line":3,"column":15},"end":{"line":3,"column":32}},"3":{"start":{"line":4,"column":13},"end":{"line":4,"column":28}},"4":{"start":{"line":5,"column":21},"end":{"line":5,"column":53}},"5":{"start":{"line":6,"column":27},"end":{"line":6,"column":55}},"6":{"start":{"line":7,"column":47},"end":{"line":7,"column":81}},"7":{"start":{"line":8,"column":11},"end":{"line":8,"column":33}},"8":{"start":{"line":9,"column":15},"end":{"line":9,"column":40}},"9":{"start":{"line":11,"column":12},"end":{"line":11,"column":21}},"10":{"start":{"line":14,"column":0},"end":{"line":14,"column":18}},"11":{"start":{"line":15,"column":0},"end":{"line":15,"column":16}},"12":{"start":{"line":16,"column":0},"end":{"line":16,"column":41}},"13":{"start":{"line":19,"column":22},"end":{"line":39,"column":2}},"14":{"start":{"line":29,"column":4},"end":{"line":33,"column":7}},"15":{"start":{"line":34,"column":4},"end":{"line":37,"column":7}},"16":{"start":{"line":42,"column":0},"end":{"line":112,"column":3}},"17":{"start":{"line":43,"column":17},"end":{"line":49,"column":3}},"18":{"start":{"line":52,"column":2},"end":{"line":75,"column":3}},"19":{"start":{"line":53,"column":22},"end":{"line":53,"column":32}},"20":{"start":{"line":54,"column":4},"end":{"line":54,"column":31}},"21":{"start":{"line":55,"column":25},"end":{"line":55,"column":47}},"22":{"start":{"line":57,"column":4},"end":{"line":60,"column":6}},"23":{"start":{"line":62,"column":4},"end":{"line":62,"column":31}},"24":{"start":{"line":63,"column":4},"end":{"line":66,"column":6}},"25":{"start":{"line":68,"column":4},"end":{"line":72,"column":7}},"26":{"start":{"line":74,"column":4},"end":{"line":74,"column":40}},"27":{"start":{"line":78,"column":19},"end":{"line":78,"column":40}},"28":{"start":{"line":79,"column":21},"end":{"line":84,"column":3}},"29":{"start":{"line":86,"column":2},"end":{"line":89,"column":4}},"30":{"start":{"line":92,"column":2},"end":{"line":109,"column":3}},"31":{"start":{"line":93,"column":15},"end":{"line":93,"column":28}},"32":{"start":{"line":94,"column":18},"end":{"line":94,"column":46}},"33":{"start":{"line":95,"column":22},"end":{"line":95,"column":47}},"34":{"start":{"line":96,"column":23},"end":{"line":96,"column":49}},"35":{"start":{"line":97,"column":24},"end":{"line":97,"column":80}},"36":{"start":{"line":99,"column":4},"end":{"line":103,"column":6}},"37":{"start":{"line":105,"column":4},"end":{"line":108,"column":6}},"38":{"start":{"line":111,"column":2},"end":{"line":111,"column":19}},"39":{"start":{"line":115,"column":0},"end":{"line":121,"column":2}},"40":{"start":{"line":124,"column":0},"end":{"line":129,"column":3}},"41":{"start":{"line":125,"column":2},"end":{"line":128,"column":5}},"42":{"start":{"line":132,"column":0},"end":{"line":147,"column":3}},"43":{"start":{"line":133,"column":2},"end":{"line":139,"column":5}},"44":{"start":{"line":141,"column":2},"end":{"line":146,"column":5}},"45":{"start":{"line":149,"column":0},"end":{"line":149,"column":21}}},"fnMap":{"0":{"name":"(anonymous_0)","decl":{"start":{"line":28,"column":11},"end":{"line":28,"column":12}},"loc":{"start":{"line":28,"column":25},"end":{"line":38,"column":3}},"line":28},"1":{"name":"(anonymous_1)","decl":{"start":{"line":42,"column":19},"end":{"line":42,"column":20}},"loc":{"start":{"line":42,"column":39},"end":{"line":112,"column":1}},"line":42},"2":{"name":"(anonymous_2)","decl":{"start":{"line":124,"column":8},"end":{"line":124,"column":9}},"loc":{"start":{"line":124,"column":22},"end":{"line":129,"column":1}},"line":124},"3":{"name":"(anonymous_3)","decl":{"start":{"line":132,"column":8},"end":{"line":132,"column":9}},"loc":{"start":{"line":132,"column":33},"end":{"line":147,"column":1}},"line":132}},"branchMap":{"0":{"loc":{"start":{"line":47,"column":17},"end":{"line":47,"column":54}},"type":"binary-expr","locations":[{"start":{"line":47,"column":17},"end":{"line":47,"column":37}},{"start":{"line":47,"column":41},"end":{"line":47,"column":54}}],"line":47},"1":{"loc":{"start":{"line":87,"column":12},"end":{"line":87,"column":61}},"type":"cond-expr","locations":[{"start":{"line":87,"column":40},"end":{"line":87,"column":49}},{"start":{"line":87,"column":52},"end":{"line":87,"column":61}}],"line":87},"2":{"loc":{"start":{"line":100,"column":14},"end":{"line":100,"column":54}},"type":"cond-expr","locations":[{"start":{"line":100,"column":33},"end":{"line":100,"column":42}},{"start":{"line":100,"column":45},"end":{"line":100,"column":54}}],"line":100},"3":{"loc":{"start":{"line":141,"column":13},"end":{"line":141,"column":30}},"type":"binary-expr","locations":[{"start":{"line":141,"column":13},"end":{"line":141,"column":23}},{"start":{"line":141,"column":27},"end":{"line":141,"column":30}}],"line":141},"4":{"loc":{"start":{"line":143,"column":13},"end":{"line":145,"column":19}},"type":"cond-expr","locations":[{"start":{"line":144,"column":8},"end":{"line":144,"column":38}},{"start":{"line":145,"column":8},"end":{"line":145,"column":19}}],"line":143}},"s":{"0":2,"1":2,"2":2,"3":2,"4":2,"5":2,"6":2,"7":2,"8":2,"9":2,"10":2,"11":2,"12":2,"13":2,"14":0,"15":0,"16":2,"17":3,"18":3,"19":3,"20":3,"21":2,"22":2,"23":1,"24":1,"25":1,"26":1,"27":2,"28":2,"29":2,"30":2,"31":2,"32":2,"33":0,"34":0,"35":0,"36":0,"37":2,"38":2,"39":2,"40":2,"41":0,"42":2,"43":0,"44":0,"45":2},"f":{"0":0,"1":3,"2":0,"3":0},"b":{"0":[3,0],"1":[2,0],"2":[0,0],"3":[0,0],"4":[0,0]},"_coverageSchema":"1a1c01bbd47fc00a2c39e90264f33305004495a9","hash":"5f4f111613c122e3016c7473b792db6959e53106"}
,"C:\\Users\\mahar\\OneDrive\\Desktop\\partnr\\cdc-data-export\\src\\config\\db.js": {"path":"C:\\Users\\mahar\\OneDrive\\Desktop\\partnr\\cdc-data-export\\src\\config\\db.js","statementMap":{"0":{"start":{"line":1,"column":17},"end":{"line":1,"column":30}},"1":{"start":{"line":3,"column":13},"end":{"line":5,"column":2}},"2":{"start":{"line":7,"column":0},"end":{"line":10,"column":2}},"3":{"start":{"line":8,"column":27},"end":{"line":8,"column":51}}},"fnMap":{"0":{"name":"(anonymous_0)","decl":{"start":{"line":8,"column":9},"end":{"line":8,"column":10}},"loc":{"start":{"line":8,"column":27},"end":{"line":8,"column":51}},"line":8}},"branchMap":{},"s":{"0":6,"1":6,"2":6,"3":0},"f":{"0":0},"b":{},"_coverageSchema":"1a1c01bbd47fc00a2c39e90264f33305004495a9","hash":"ec4c9131853e82268a6471c7281a4a32b8d7d690"}
,"C:\\Users\\mahar\\OneDrive\\Desktop\\partnr\\cdc-data-export\\src\\controllers\\exportController.js": {"path":"C:\\Users\\mahar\\OneDrive\\Desktop\\partnr\\cdc-data-export\\src\\controllers\\exportController.js","statementMap":{"0":{"start":{"line":1,"column":23},"end":{"line":1,"column":38}},"1":{"start":{"line":2,"column":22},"end":{"line":2,"column":58}},"2":{"start":{"line":4,"column":0},"end":{"line":25,"column":2}},"3":{"start":{"line":5,"column":21},"end":{"line":5,"column":48}},"4":{"start":{"line":7,"column":2},"end":{"line":11,"column":3}},"5":{"start":{"line":8,"column":4},"end":{"line":10,"column":7}},"6":{"start":{"line":13,"column":16},"end":{"line":13,"column":24}},"7":{"start":{"line":15,"column":19},"end":{"line":15,"column":57}},"8":{"start":{"line":17,"column":2},"end":{"line":17,"column":61}},"9":{"start":{"line":19,"column":2},"end":{"line":24,"column":5}},"10":{"start":{"line":27,"column":0},"end":{"line":48,"column":2}},"11":{"start":{"line":28,"column":21},"end":{"line":28,"column":48}},"12":{"start":{"line":30,"column":2},"end":{"line":34,"column":3}},"13":{"start":{"line":31,"column":4},"end":{"line":33,"column":7}},"14":{"start":{"line":36,"column":20},"end":{"line":36,"column":64}},"15":{"start":{"line":38,"column":2},"end":{"line":42,"column":3}},"16":{"start":{"line":39,"column":4},"end":{"line":41,"column":7}},"17":{"start":{"line":44,"column":2},"end":{"line":47,"column":5}},"18":{"start":{"line":50,"column":0},"end":{"line":73,"column":2}},"19":{"start":{"line":51,"column":21},"end":{"line":51,"column":48}},"20":{"start":{"line":53,"column":2},"end":{"line":57,"column":3}},"21":{"start":{"line":54,"column":4},"end":{"line":56,"column":7}},"22":{"start":{"line":59,"column":25},"end":{"line":59,"column":40}},"23":{"start":{"line":61,"column":16},"end":{"line":61,"column":24}},"24":{"start":{"line":63,"column":19},"end":{"line":63,"column":64}},"25":{"start":{"line":65,"column":2},"end":{"line":65,"column":68}},"26":{"start":{"line":67,"column":2},"end":{"line":72,"column":5}},"27":{"start":{"line":75,"column":0},"end":{"line":98,"column":2}},"28":{"start":{"line":76,"column":21},"end":{"line":76,"column":48}},"29":{"start":{"line":78,"column":2},"end":{"line":82,"column":3}},"30":{"start":{"line":79,"column":4},"end":{"line":81,"column":7}},"31":{"start":{"line":84,"column":25},"end":{"line":84,"column":40}},"32":{"start":{"line":86,"column":16},"end":{"line":86,"column":24}},"33":{"start":{"line":88,"column":19},"end":{"line":88,"column":58}},"34":{"start":{"line":90,"column":2},"end":{"line":90,"column":62}},"35":{"start":{"line":92,"column":2},"end":{"line":97,"column":5}}},"fnMap":{"0":{"name":"(anonymous_0)","decl":{"start":{"line":4,"column":21},"end":{"line":4,"column":22}},"loc":{"start":{"line":4,"column":41},"end":{"line":25,"column":1}},"line":4},"1":{"name":"(anonymous_1)","decl":{"start":{"line":27,"column":23},"end":{"line":27,"column":24}},"loc":{"start":{"line":27,"column":43},"end":{"line":48,"column":1}},"line":27},"2":{"name":"(anonymous_2)","decl":{"start":{"line":50,"column":28},"end":{"line":50,"column":29}},"loc":{"start":{"line":50,"column":48},"end":{"line":73,"column":1}},"line":50},"3":{"name":"(anonymous_3)","decl":{"start":{"line":75,"column":22},"end":{"line":75,"column":23}},"loc":{"start":{"line":75,"column":42},"end":{"line":98,"column":1}},"line":75}},"branchMap":{"0":{"loc":{"start":{"line":7,"column":2},"end":{"line":11,"column":3}},"type":"if","locations":[{"start":{"line":7,"column":2},"end":{"line":11,"column":3}},{"start":{},"end":{}}],"line":7},"1":{"loc":{"start":{"line":30,"column":2},"end":{"line":34,"column":3}},"type":"if","locations":[{"start":{"line":30,"column":2},"end":{"line":34,"column":3}},{"start":{},"end":{}}],"line":30},"2":{"loc":{"start":{"line":38,"column":2},"end":{"line":42,"column":3}},"type":"if","locations":[{"start":{"line":38,"column":2},"end":{"line":42,"column":3}},{"start":{},"end":{}}],"line":38},"3":{"loc":{"start":{"line":53,"column":2},"end":{"line":57,"column":3}},"type":"if","locations":[{"start":{"line":53,"column":2},"end":{"line":57,"column":3}},{"start":{},"end":{}}],"line":53},"4":{"loc":{"start":{"line":78,"column":2},"end":{"line":82,"column":3}},"type":"if","locations":[{"start":{"line":78,"column":2},"end":{"line":82,"column":3}},{"start":{},"end":{}}],"line":78}},"s":{"0":2,"1":2,"2":2,"3":1,"4":1,"5":0,"6":1,"7":1,"8":1,"9":1,"10":2,"11":1,"12":1,"13":0,"14":1,"15":1,"16":1,"17":0,"18":2,"19":1,"20":1,"21":0,"22":1,"23":1,"24":1,"25":1,"26":1,"27":2,"28":1,"29":1,"30":0,"31":1,"32":1,"33":1,"34":1,"35":1},"f":{"0":1,"1":1,"2":1,"3":1},"b":{"0":[0,1],"1":[0,1],"2":[1,0],"3":[0,1],"4":[0,1]},"_coverageSchema":"1a1c01bbd47fc00a2c39e90264f33305004495a9","hash":"3c09a4275c9aa8e70b1af3fcabc5c5b164caa5cd"}
,"C:\\Users\\mahar\\OneDrive\\Desktop\\partnr\\cdc-data-export\\src\\db\\watermarkQueries.js": {"path":"C:\\Users\\mahar\\OneDrive\\Desktop\\partnr\\cdc-data-export\\src\\db\\watermarkQueries.js","statementMap":{"0":{"start":{"line":1,"column":11},"end":{"line":1,"column":34}},"1":{"start":{"line":3,"column":0},"end":{"line":12,"column":2}},"2":{"start":{"line":4,"column":17},"end":{"line":9,"column":3}},"3":{"start":{"line":11,"column":2},"end":{"line":11,"column":24}},"4":{"start":{"line":14,"column":0},"end":{"line":26,"column":2}},"5":{"start":{"line":15,"column":2},"end":{"line":25,"column":4}}},"fnMap":{"0":{"name":"(anonymous_0)","decl":{"start":{"line":3,"column":23},"end":{"line":3,"column":24}},"loc":{"start":{"line":3,"column":45},"end":{"line":12,"column":1}},"line":3},"1":{"name":"(anonymous_1)","decl":{"start":{"line":14,"column":26},"end":{"line":14,"column":27}},"loc":{"start":{"line":14,"column":59},"end":{"line":26,"column":1}},"line":14}},"branchMap":{},"s":{"0":5,"1":5,"2":1,"3":1,"4":5,"5":0},"f":{"0":1,"1":0},"b":{},"_coverageSchema":"1a1c01bbd47fc00a2c39e90264f33305004495a9","hash":"22c67428879500645b340355baae44fd6f246b8c"}
,"C:\\Users\\mahar\\OneDrive\\Desktop\\partnr\\cdc-data-export\\src\\jobs\\exportJob.js": {"path":"C:\\Users\\mahar\\OneDrive\\Desktop\\partnr\\cdc-data-export\\src\\jobs\\exportJob.js","statementMap":{"0":{"start":{"line":1,"column":17},"end":{"line":1,"column":40}},"1":{"start":{"line":2,"column":11},"end":{"line":2,"column":34}},"2":{"start":{"line":3,"column":18},"end":{"line":3,"column":47}},"3":{"start":{"line":4,"column":25},"end":{"line":4,"column":58}},"4":{"start":{"line":5,"column":15},"end":{"line":5,"column":41}},"5":{"start":{"line":8,"column":0},"end":{"line":76,"column":2}},"6":{"start":{"line":9,"column":20},"end":{"line":9,"column":30}},"7":{"start":{"line":10,"column":17},"end":{"line":10,"column":37}},"8":{"start":{"line":12,"column":2},"end":{"line":75,"column":3}},"9":{"start":{"line":14,"column":4},"end":{"line":19,"column":7}},"10":{"start":{"line":21,"column":4},"end":{"line":21,"column":32}},"11":{"start":{"line":23,"column":19},"end":{"line":28,"column":5}},"12":{"start":{"line":30,"column":4},"end":{"line":30,"column":59}},"13":{"start":{"line":33,"column":4},"end":{"line":45,"column":5}},"14":{"start":{"line":34,"column":30},"end":{"line":34,"column":55}},"15":{"start":{"line":36,"column":6},"end":{"line":44,"column":8}},"16":{"start":{"line":47,"column":4},"end":{"line":47,"column":33}},"17":{"start":{"line":49,"column":21},"end":{"line":49,"column":43}},"18":{"start":{"line":51,"column":4},"end":{"line":58,"column":7}},"19":{"start":{"line":62,"column":4},"end":{"line":62,"column":35}},"20":{"start":{"line":64,"column":4},"end":{"line":71,"column":7}},"21":{"start":{"line":74,"column":4},"end":{"line":74,"column":21}},"22":{"start":{"line":79,"column":0},"end":{"line":159,"column":2}},"23":{"start":{"line":80,"column":20},"end":{"line":80,"column":30}},"24":{"start":{"line":81,"column":17},"end":{"line":81,"column":37}},"25":{"start":{"line":83,"column":2},"end":{"line":158,"column":3}},"26":{"start":{"line":85,"column":4},"end":{"line":90,"column":7}},"27":{"start":{"line":92,"column":4},"end":{"line":92,"column":32}},"28":{"start":{"line":94,"column":22},"end":{"line":94,"column":69}},"29":{"start":{"line":96,"column":27},"end":{"line":96,"column":79}},"30":{"start":{"line":98,"column":19},"end":{"line":106,"column":5}},"31":{"start":{"line":108,"column":4},"end":{"line":108,"column":59}},"32":{"start":{"line":110,"column":4},"end":{"line":128,"column":5}},"33":{"start":{"line":112,"column":30},"end":{"line":115,"column":7}},"34":{"start":{"line":113,"column":22},"end":{"line":113,"column":65}},"35":{"start":{"line":117,"column":6},"end":{"line":127,"column":8}},"36":{"start":{"line":130,"column":4},"end":{"line":130,"column":33}},"37":{"start":{"line":132,"column":21},"end":{"line":132,"column":43}},"38":{"start":{"line":134,"column":4},"end":{"line":141,"column":7}},"39":{"start":{"line":145,"column":4},"end":{"line":145,"column":35}},"40":{"start":{"line":147,"column":4},"end":{"line":154,"column":7}},"41":{"start":{"line":157,"column":4},"end":{"line":157,"column":21}},"42":{"start":{"line":163,"column":0},"end":{"line":260,"column":2}},"43":{"start":{"line":164,"column":20},"end":{"line":164,"column":30}},"44":{"start":{"line":165,"column":17},"end":{"line":165,"column":37}},"45":{"start":{"line":167,"column":2},"end":{"line":259,"column":3}},"46":{"start":{"line":169,"column":4},"end":{"line":174,"column":7}},"47":{"start":{"line":176,"column":4},"end":{"line":176,"column":32}},"48":{"start":{"line":178,"column":22},"end":{"line":178,"column":69}},"49":{"start":{"line":180,"column":27},"end":{"line":180,"column":79}},"50":{"start":{"line":182,"column":19},"end":{"line":189,"column":5}},"51":{"start":{"line":191,"column":17},"end":{"line":207,"column":6}},"52":{"start":{"line":193,"column":22},"end":{"line":193,"column":30}},"53":{"start":{"line":195,"column":6},"end":{"line":200,"column":7}},"54":{"start":{"line":196,"column":8},"end":{"line":196,"column":29}},"55":{"start":{"line":198,"column":11},"end":{"line":200,"column":7}},"56":{"start":{"line":199,"column":8},"end":{"line":199,"column":29}},"57":{"start":{"line":202,"column":6},"end":{"line":205,"column":8}},"58":{"start":{"line":209,"column":4},"end":{"line":209,"column":52}},"59":{"start":{"line":211,"column":4},"end":{"line":229,"column":5}},"60":{"start":{"line":213,"column":30},"end":{"line":216,"column":7}},"61":{"start":{"line":214,"column":22},"end":{"line":214,"column":65}},"62":{"start":{"line":218,"column":6},"end":{"line":228,"column":8}},"63":{"start":{"line":231,"column":4},"end":{"line":231,"column":33}},"64":{"start":{"line":233,"column":21},"end":{"line":233,"column":43}},"65":{"start":{"line":235,"column":4},"end":{"line":242,"column":7}},"66":{"start":{"line":246,"column":4},"end":{"line":246,"column":35}},"67":{"start":{"line":248,"column":4},"end":{"line":255,"column":7}},"68":{"start":{"line":258,"column":4},"end":{"line":258,"column":21}}},"fnMap":{"0":{"name":"(anonymous_0)","decl":{"start":{"line":8,"column":24},"end":{"line":8,"column":25}},"loc":{"start":{"line":8,"column":63},"end":{"line":76,"column":1}},"line":8},"1":{"name":"(anonymous_1)","decl":{"start":{"line":79,"column":31},"end":{"line":79,"column":32}},"loc":{"start":{"line":79,"column":70},"end":{"line":159,"column":1}},"line":79},"2":{"name":"(anonymous_2)","decl":{"start":{"line":113,"column":8},"end":{"line":113,"column":9}},"loc":{"start":{"line":113,"column":22},"end":{"line":113,"column":65}},"line":113},"3":{"name":"(anonymous_3)","decl":{"start":{"line":163,"column":25},"end":{"line":163,"column":26}},"loc":{"start":{"line":163,"column":64},"end":{"line":260,"column":1}},"line":163},"4":{"name":"(anonymous_4)","decl":{"start":{"line":191,"column":33},"end":{"line":191,"column":34}},"loc":{"start":{"line":191,"column":41},"end":{"line":207,"column":5}},"line":191},"5":{"name":"(anonymous_5)","decl":{"start":{"line":214,"column":8},"end":{"line":214,"column":9}},"loc":{"start":{"line":214,"column":22},"end":{"line":214,"column":65}},"line":214}},"branchMap":{"0":{"loc":{"start":{"line":33,"column":4},"end":{"line":45,"column":5}},"type":"if","locations":[{"start":{"line":33,"column":4},"end":{"line":45,"column":5}},{"start":{},"end":{}}],"line":33},"1":{"loc":{"start":{"line":96,"column":27},"end":{"line":96,"column":79}},"type":"cond-expr","locations":[{"start":{"line":96,"column":39},"end":{"line":96,"column":65}},{"start":{"line":96,"column":68},"end":{"line":96,"column":79}}],"line":96},"2":{"loc":{"start":{"line":110,"column":4},"end":{"line":128,"column":5}},"type":"if","locations":[{"start":{"line":110,"column":4},"end":{"line":128,"column":5}},{"start":{},"end":{}}],"line":110},"3":{"loc":{"start":{"line":113,"column":22},"end":{"line":113,"column":65}},"type":"cond-expr","locations":[{"start":{"line":113,"column":45},"end":{"line":113,"column":59}},{"start":{"line":113,"column":62},"end":{"line":113,"column":65}}],"line":113},"4":{"loc":{"start":{"line":180,"column":27},"end":{"line":180,"column":79}},"type":"cond-expr","locations":[{"start":{"line":180,"column":39},"end":{"line":180,"column":65}},{"start":{"line":180,"column":68},"end":{"line":180,"column":79}}],"line":180},"5":{"loc":{"start":{"line":195,"column":6},"end":{"line":200,"column":7}},"type":"if","locations":[{"start":{"line":195,"column":6},"end":{"line":200,"column":7}},{"start":{"line":198,"column":11},"end":{"line":200,"column":7}}],"line":195},"6":{"loc":{"start":{"line":198,"column":11},"end":{"line":200,"column":7}},"type":"if","locations":[{"start":{"line":198,"column":11},"end":{"line":200,"column":7}},{"start":{},"end":{}}],"line":198},"7":{"loc":{"start":{"line":211,"column":4},"end":{"line":229,"column":5}},"type":"if","locations":[{"start":{"line":211,"column":4},"end":{"line":229,"column":5}},{"start":{},"end":{}}],"line":211},"8":{"loc":{"start":{"line":214,"column":22},"end":{"line":214,"column":65}},"type":"cond-expr","locations":[{"start":{"line":214,"column":45},"end":{"line":214,"column":59}},{"start":{"line":214,"column":62},"end":{"line":214,"column":65}}],"line":214}},"s":{"0":3,"1":3,"2":3,"3":3,"4":3,"5":3,"6":2,"7":2,"8":2,"9":2,"10":2,"11":2,"12":1,"13":1,"14":1,"15":1,"16":1,"17":1,"18":1,"19":1,"20":1,"21":2,"22":3,"23":3,"24":3,"25":3,"26":3,"27":3,"28":3,"29":3,"30":3,"31":2,"32":2,"33":1,"34":1,"35":1,"36":2,"37":2,"38":2,"39":1,"40":1,"41":3,"42":3,"43":3,"44":3,"45":3,"46":3,"47":3,"48":3,"49":3,"50":3,"51":3,"52":3,"53":3,"54":1,"55":2,"56":1,"57":3,"58":3,"59":2,"60":1,"61":3,"62":1,"63":2,"64":2,"65":2,"66":1,"67":1,"68":3},"f":{"0":2,"1":3,"2":1,"3":3,"4":3,"5":3},"b":{"0":[1,0],"1":[1,2],"2":[1,1],"3":[1,0],"4":[3,0],"5":[1,2],"6":[1,1],"7":[1,1],"8":[1,2]},"_coverageSchema":"1a1c01bbd47fc00a2c39e90264f33305004495a9","hash":"9d1ac7c642fdc27086bf1d15aedac5923b5ebcfa"}
,"C:\\Users\\mahar\\OneDrive\\Desktop\\partnr\\cdc-data-export\\src\\middleware\\auth.js": {"path":"C:\\Users\\mahar\\OneDrive\\Desktop\\partnr\\cdc-data-export\\src\\middleware\\auth.js","statementMap":{"0":{"start":{"line":6,"column":15},"end":{"line":6,"column":41}},"1":{"start":{"line":9,"column":23},"end":{"line":11,"column":1}},"2":{"start":{"line":10,"column":62},"end":{"line":10,"column":76}},"3":{"start":{"line":17,"column":0},"end":{"line":56,"column":2}},"4":{"start":{"line":18,"column":17},"end":{"line":18,"column":40}},"5":{"start":{"line":21,"column":2},"end":{"line":32,"column":3}},"6":{"start":{"line":22,"column":4},"end":{"line":27,"column":7}},"7":{"start":{"line":28,"column":4},"end":{"line":31,"column":7}},"8":{"start":{"line":35,"column":2},"end":{"line":46,"column":3}},"9":{"start":{"line":36,"column":4},"end":{"line":41,"column":7}},"10":{"start":{"line":42,"column":4},"end":{"line":45,"column":7}},"11":{"start":{"line":49,"column":2},"end":{"line":53,"column":5}},"12":{"start":{"line":55,"column":2},"end":{"line":55,"column":9}}},"fnMap":{"0":{"name":"(anonymous_0)","decl":{"start":{"line":10,"column":55},"end":{"line":10,"column":56}},"loc":{"start":{"line":10,"column":62},"end":{"line":10,"column":76}},"line":10},"1":{"name":"(anonymous_1)","decl":{"start":{"line":17,"column":25},"end":{"line":17,"column":26}},"loc":{"start":{"line":17,"column":45},"end":{"line":56,"column":1}},"line":17}},"branchMap":{"0":{"loc":{"start":{"line":10,"column":3},"end":{"line":10,"column":35}},"type":"binary-expr","locations":[{"start":{"line":10,"column":3},"end":{"line":10,"column":29}},{"start":{"line":10,"column":33},"end":{"line":10,"column":35}}],"line":10},"1":{"loc":{"start":{"line":21,"column":2},"end":{"line":32,"column":3}},"type":"if","locations":[{"start":{"line":21,"column":2},"end":{"line":32,"column":3}},{"start":{},"end":{}}],"line":21},"2":{"loc":{"start":{"line":35,"column":2},"end":{"line":46,"column":3}},"type":"if","locations":[{"start":{"line":35,"column":2},"end":{"line":46,"column":3}},{"start":{},"end":{}}],"line":35}},"s":{"0":2,"1":2,"2":3,"3":2,"4":8,"5":8,"6":1,"7":1,"8":7,"9":1,"10":1,"11":6,"12":6},"f":{"0":3,"1":8},"b":{"0":[2,1],"1":[1,7],"2":[1,6]},"_coverageSchema":"1a1c01bbd47fc00a2c39e90264f33305004495a9","hash":"32a898624e7221ee13857a164a322cc5030eb86d"}
,"C:\\Users\\mahar\\OneDrive\\Desktop\\partnr\\cdc-data-export\\src\\middleware\\validation.js": {"path":"C:\\Users\\mahar\\OneDrive\\Desktop\\partnr\\cdc-data-export\\src\\middleware\\validation.js","statementMap":{"0":{"start":{"line":6,"column":15},"end":{"line":6,"column":41}},"1":{"start":{"line":12,"column":0},"end":{"line":44,"column":2}},"2":{"start":{"line":13,"column":21},"end":{"line":13,"column":48}},"3":{"start":{"line":16,"column":2},"end":{"line":21,"column":3}},"4":{"start":{"line":17,"column":4},"end":{"line":20,"column":7}},"5":{"start":{"line":24,"column":28},"end":{"line":24,"column":52}},"6":{"start":{"line":26,"column":2},"end":{"line":38,"column":3}},"7":{"start":{"line":27,"column":4},"end":{"line":32,"column":7}},"8":{"start":{"line":34,"column":4},"end":{"line":37,"column":7}},"9":{"start":{"line":41,"column":2},"end":{"line":41,"column":30}},"10":{"start":{"line":43,"column":2},"end":{"line":43,"column":9}},"11":{"start":{"line":50,"column":0},"end":{"line":81,"column":2}},"12":{"start":{"line":52,"column":28},"end":{"line":57,"column":3}},"13":{"start":{"line":59,"column":21},"end":{"line":59,"column":48}},"14":{"start":{"line":61,"column":2},"end":{"line":78,"column":3}},"15":{"start":{"line":62,"column":4},"end":{"line":77,"column":5}},"16":{"start":{"line":63,"column":6},"end":{"line":76,"column":7}},"17":{"start":{"line":64,"column":8},"end":{"line":70,"column":11}},"18":{"start":{"line":72,"column":8},"end":{"line":75,"column":11}},"19":{"start":{"line":80,"column":2},"end":{"line":80,"column":9}}},"fnMap":{"0":{"name":"(anonymous_0)","decl":{"start":{"line":12,"column":29},"end":{"line":12,"column":30}},"loc":{"start":{"line":12,"column":49},"end":{"line":44,"column":1}},"line":12},"1":{"name":"(anonymous_1)","decl":{"start":{"line":50,"column":25},"end":{"line":50,"column":26}},"loc":{"start":{"line":50,"column":45},"end":{"line":81,"column":1}},"line":50}},"branchMap":{"0":{"loc":{"start":{"line":16,"column":2},"end":{"line":21,"column":3}},"type":"if","locations":[{"start":{"line":16,"column":2},"end":{"line":21,"column":3}},{"start":{},"end":{}}],"line":16},"1":{"loc":{"start":{"line":26,"column":2},"end":{"line":38,"column":3}},"type":"if","locations":[{"start":{"line":26,"column":2},"end":{"line":38,"column":3}},{"start":{},"end":{}}],"line":26},"2":{"loc":{"start":{"line":61,"column":2},"end":{"line":78,"column":3}},"type":"if","locations":[{"start":{"line":61,"column":2},"end":{"line":78,"column":3}},{"start":{},"end":{}}],"line":61},"3":{"loc":{"start":{"line":63,"column":6},"end":{"line":76,"column":7}},"type":"if","locations":[{"start":{"line":63,"column":6},"end":{"line":76,"column":7}},{"start":{},"end":{}}],"line":63}},"s":{"0":2,"1":2,"2":6,"3":6,"4":2,"5":4,"6":4,"7":0,"8":0,"9":4,"10":4,"11":2,"12":6,"13":6,"14":6,"15":4,"16":16,"17":0,"18":0,"19":6},"f":{"0":6,"1":6},"b":{"0":[2,4],"1":[0,4],"2":[4,2],"3":[0,16]},"_coverageSchema":"1a1c01bbd47fc00a2c39e90264f33305004495a9","hash":"1f525eb7916e02a9dc9b4a44a183b9556f7f783c"}
,"C:\\Users\\mahar\\OneDrive\\Desktop\\partnr\\cdc-data-export\\src\\routes\\exportRoutes.js": {"path":"C:\\Users\\mahar\\OneDrive\\Desktop\\partnr\\cdc-data-export\\src\\routes\\exportRoutes.js","statementMap":{"0":{"start":{"line":1,"column":16},"end":{"line":1,"column":34}},"1":{"start":{"line":2,"column":15},"end":{"line":2,"column":31}},"2":{"start":{"line":4,"column":25},"end":{"line":4,"column":67}},"3":{"start":{"line":6,"column":0},"end":{"line":6,"column":50}},"4":{"start":{"line":7,"column":0},"end":{"line":7,"column":56}},"5":{"start":{"line":8,"column":0},"end":{"line":8,"column":64}},"6":{"start":{"line":9,"column":0},"end":{"line":9,"column":52}},"7":{"start":{"line":11,"column":0},"end":{"line":11,"column":24}}},"fnMap":{},"branchMap":{},"s":{"0":2,"1":2,"2":2,"3":2,"4":2,"5":2,"6":2,"7":2},"f":{},"b":{},"_coverageSchema":"1a1c01bbd47fc00a2c39e90264f33305004495a9","hash":"9bab19a87b6a9581c55fa839d7cd4fff892348bb"}
,"C:\\Users\\mahar\\OneDrive\\Desktop\\partnr\\cdc-data-export\\src\\services\\exportService.js": {"path":"C:\\Users\\mahar\\OneDrive\\Desktop\\partnr\\cdc-data-export\\src\\services\\exportService.js","statementMap":{"0":{"start":{"line":1,"column":18},"end":{"line":1,"column":46}},"1":{"start":{"line":2,"column":25},"end":{"line":2,"column":58}},"2":{"start":{"line":4,"column":0},"end":{"line":8,"column":2}},"3":{"start":{"line":5,"column":2},"end":{"line":7,"column":5}},"4":{"start":{"line":6,"column":4},"end":{"line":6,"column":57}},"5":{"start":{"line":10,"column":0},"end":{"line":12,"column":2}},"6":{"start":{"line":11,"column":2},"end":{"line":11,"column":57}},"7":{"start":{"line":14,"column":0},"end":{"line":18,"column":2}},"8":{"start":{"line":15,"column":2},"end":{"line":17,"column":5}},"9":{"start":{"line":16,"column":4},"end":{"line":16,"column":64}},"10":{"start":{"line":20,"column":0},"end":{"line":24,"column":2}},"11":{"start":{"line":21,"column":2},"end":{"line":23,"column":5}},"12":{"start":{"line":22,"column":4},"end":{"line":22,"column":58}}},"fnMap":{"0":{"name":"(anonymous_0)","decl":{"start":{"line":4,"column":26},"end":{"line":4,"column":27}},"loc":{"start":{"line":4,"column":59},"end":{"line":8,"column":1}},"line":4},"1":{"name":"(anonymous_1)","decl":{"start":{"line":5,"column":15},"end":{"line":5,"column":16}},"loc":{"start":{"line":5,"column":21},"end":{"line":7,"column":3}},"line":5},"2":{"name":"(anonymous_2)","decl":{"start":{"line":10,"column":23},"end":{"line":10,"column":24}},"loc":{"start":{"line":10,"column":45},"end":{"line":12,"column":1}},"line":10},"3":{"name":"(anonymous_3)","decl":{"start":{"line":14,"column":33},"end":{"line":14,"column":34}},"loc":{"start":{"line":14,"column":66},"end":{"line":18,"column":1}},"line":14},"4":{"name":"(anonymous_4)","decl":{"start":{"line":15,"column":15},"end":{"line":15,"column":16}},"loc":{"start":{"line":15,"column":21},"end":{"line":17,"column":3}},"line":15},"5":{"name":"(anonymous_5)","decl":{"start":{"line":20,"column":27},"end":{"line":20,"column":28}},"loc":{"start":{"line":20,"column":60},"end":{"line":24,"column":1}},"line":20},"6":{"name":"(anonymous_6)","decl":{"start":{"line":21,"column":15},"end":{"line":21,"column":16}},"loc":{"start":{"line":21,"column":21},"end":{"line":23,"column":3}},"line":21}},"branchMap":{},"s":{"0":2,"1":2,"2":2,"3":1,"4":1,"5":2,"6":0,"7":2,"8":1,"9":1,"10":2,"11":1,"12":1},"f":{"0":1,"1":1,"2":0,"3":1,"4":1,"5":1,"6":1},"b":{},"_coverageSchema":"1a1c01bbd47fc00a2c39e90264f33305004495a9","hash":"eea415978abae6c1398842482e798ae59f722e49"}
,"C:\\Users\\mahar\\OneDrive\\Desktop\\partnr\\cdc-data-export\\src\\utils\\csvWriter.js": {"path":"C:\\Users\\mahar\\OneDrive\\Desktop\\partnr\\cdc-data-export\\src\\utils\\csvWriter.js","statementMap":{"0":{"start":{"line":1,"column":24},"end":{"line":1,"column":67}},"1":{"start":{"line":2,"column":13},"end":{"line":2,"column":28}},"2":{"start":{"line":3,"column":11},"end":{"line":3,"column":24}},"3":{"start":{"line":5,"column":0},"end":{"line":25,"column":2}},"4":{"start":{"line":6,"column":20},"end":{"line":6,"column":54}},"5":{"start":{"line":8,"column":2},"end":{"line":10,"column":3}},"6":{"start":{"line":9,"column":4},"end":{"line":9,"column":49}},"7":{"start":{"line":12,"column":20},"end":{"line":22,"column":4}},"8":{"start":{"line":24,"column":2},"end":{"line":24,"column":38}},"9":{"start":{"line":28,"column":0},"end":{"line":49,"column":2}},"10":{"start":{"line":29,"column":20},"end":{"line":29,"column":54}},"11":{"start":{"line":31,"column":2},"end":{"line":33,"column":3}},"12":{"start":{"line":32,"column":4},"end":{"line":32,"column":49}},"13":{"start":{"line":35,"column":20},"end":{"line":46,"column":4}},"14":{"start":{"line":48,"column":2},"end":{"line":48,"column":38}}},"fnMap":{"0":{"name":"(anonymous_0)","decl":{"start":{"line":5,"column":26},"end":{"line":5,"column":27}},"loc":{"start":{"line":5,"column":53},"end":{"line":25,"column":1}},"line":5},"1":{"name":"(anonymous_1)","decl":{"start":{"line":28,"column":26},"end":{"line":28,"column":27}},"loc":{"start":{"line":28,"column":53},"end":{"line":49,"column":1}},"line":28}},"branchMap":{"0":{"loc":{"start":{"line":8,"column":2},"end":{"line":10,"column":3}},"type":"if","locations":[{"start":{"line":8,"column":2},"end":{"line":10,"column":3}},{"start":{},"end":{}}],"line":8},"1":{"loc":{"start":{"line":31,"column":2},"end":{"line":33,"column":3}},"type":"if","locations":[{"start":{"line":31,"column":2},"end":{"line":33,"column":3}},{"start":{},"end":{}}],"line":31}},"s":{"0":4,"1":4,"2":4,"3":4,"4":3,"5":3,"6":0,"7":3,"8":3,"9":4,"10":3,"11":3,"12":0,"13":3,"14":3},"f":{"0":3,"1":3},"b":{"0":[0,3],"1":[0,3]},"_coverageSchema":"1a1c01bbd47fc00a2c39e90264f33305004495a9","hash":"67661116bd1b5f38479d5d5d09e542c00abab45e"}
,"C:\\Users\\mahar\\OneDrive\\Desktop\\partnr\\cdc-data-export\\src\\utils\\logger.js": {"path":"C:\\Users\\mahar\\OneDrive\\Desktop\\partnr\\cdc-data-export\\src\\utils\\logger.js","statementMap":{"0":{"start":{"line":1,"column":45},"end":{"line":1,"column":63}},"1":{"start":{"line":3,"column":15},"end":{"line":12,"column":2}},"2":{"start":{"line":14,"column":0},"end":{"line":14,"column":24}}},"fnMap":{},"branchMap":{},"s":{"0":4,"1":4,"2":4},"f":{},"b":{},"_coverageSchema":"1a1c01bbd47fc00a2c39e90264f33305004495a9","hash":"9181701b39ecf3498a1bc08a1b761246974fe8a0"}
}
