TN:
SF:src\app.js
FN:28,(anonymous_0)
FN:42,(anonymous_1)
FN:124,(anonymous_2)
FN:132,(anonymous_3)
FNF:4
FNH:1
FNDA:0,(anonymous_0)
FNDA:3,(anonymous_1)
FNDA:0,(anonymous_2)
FNDA:0,(anonymous_3)
DA:1,2
DA:2,2
DA:3,2
DA:4,2
DA:5,2
DA:6,2
DA:7,2
DA:8,2
DA:9,2
DA:11,2
DA:14,2
DA:15,2
DA:16,2
DA:19,2
DA:29,0
DA:34,0
DA:42,2
DA:43,3
DA:52,3
DA:53,3
DA:54,3
DA:55,2
DA:57,2
DA:62,1
DA:63,1
DA:68,1
DA:74,1
DA:78,2
DA:79,2
DA:86,2
DA:92,2
DA:93,2
DA:94,2
DA:95,0
DA:96,0
DA:97,0
DA:99,0
DA:105,2
DA:111,2
DA:115,2
DA:124,2
DA:125,0
DA:132,2
DA:133,0
DA:141,0
DA:149,2
LF:46
LH:37
BRDA:47,0,0,3
BRDA:47,0,1,0
BRDA:87,1,0,2
BRDA:87,1,1,0
BRDA:100,2,0,0
BRDA:100,2,1,0
BRDA:141,3,0,0
BRDA:141,3,1,0
BRDA:143,4,0,0
BRDA:143,4,1,0
BRF:10
BRH:2
end_of_record
TN:
SF:src\config\db.js
FN:8,(anonymous_0)
FNF:1
FNH:0
FNDA:0,(anonymous_0)
DA:1,6
DA:3,6
DA:7,6
DA:8,0
LF:4
LH:3
BRF:0
BRH:0
end_of_record
TN:
SF:src\controllers\exportController.js
FN:4,(anonymous_0)
FN:27,(anonymous_1)
FN:50,(anonymous_2)
FN:75,(anonymous_3)
FNF:4
FNH:4
FNDA:1,(anonymous_0)
FNDA:1,(anonymous_1)
FNDA:1,(anonymous_2)
FNDA:1,(anonymous_3)
DA:1,2
DA:2,2
DA:4,2
DA:5,1
DA:7,1
DA:8,0
DA:13,1
DA:15,1
DA:17,1
DA:19,1
DA:27,2
DA:28,1
DA:30,1
DA:31,0
DA:36,1
DA:38,1
DA:39,1
DA:44,0
DA:50,2
DA:51,1
DA:53,1
DA:54,0
DA:59,1
DA:61,1
DA:63,1
DA:65,1
DA:67,1
DA:75,2
DA:76,1
DA:78,1
DA:79,0
DA:84,1
DA:86,1
DA:88,1
DA:90,1
DA:92,1
LF:36
LH:31
BRDA:7,0,0,0
BRDA:7,0,1,1
BRDA:30,1,0,0
BRDA:30,1,1,1
BRDA:38,2,0,1
BRDA:38,2,1,0
BRDA:53,3,0,0
BRDA:53,3,1,1
BRDA:78,4,0,0
BRDA:78,4,1,1
BRF:10
BRH:5
end_of_record
TN:
SF:src\db\watermarkQueries.js
FN:3,(anonymous_0)
FN:14,(anonymous_1)
FNF:2
FNH:1
FNDA:1,(anonymous_0)
FNDA:0,(anonymous_1)
DA:1,5
DA:3,5
DA:4,1
DA:11,1
DA:14,5
DA:15,0
LF:6
LH:5
BRF:0
BRH:0
end_of_record
TN:
SF:src\jobs\exportJob.js
FN:8,(anonymous_0)
FN:79,(anonymous_1)
FN:113,(anonymous_2)
FN:163,(anonymous_3)
FN:191,(anonymous_4)
FN:214,(anonymous_5)
FNF:6
FNH:6
FNDA:2,(anonymous_0)
FNDA:3,(anonymous_1)
FNDA:1,(anonymous_2)
FNDA:3,(anonymous_3)
FNDA:3,(anonymous_4)
FNDA:3,(anonymous_5)
DA:1,3
DA:2,3
DA:3,3
DA:4,3
DA:5,3
DA:8,3
DA:9,2
DA:10,2
DA:12,2
DA:14,2
DA:21,2
DA:23,2
DA:30,1
DA:33,1
DA:34,1
DA:36,1
DA:47,1
DA:49,1
DA:51,1
DA:62,1
DA:64,1
DA:74,2
DA:79,3
DA:80,3
DA:81,3
DA:83,3
DA:85,3
DA:92,3
DA:94,3
DA:96,3
DA:98,3
DA:108,2
DA:110,2
DA:112,1
DA:113,1
DA:117,1
DA:130,2
DA:132,2
DA:134,2
DA:145,1
DA:147,1
DA:157,3
DA:163,3
DA:164,3
DA:165,3
DA:167,3
DA:169,3
DA:176,3
DA:178,3
DA:180,3
DA:182,3
DA:191,3
DA:193,3
DA:195,3
DA:196,1
DA:198,2
DA:199,1
DA:202,3
DA:209,3
DA:211,2
DA:213,1
DA:214,3
DA:218,1
DA:231,2
DA:233,2
DA:235,2
DA:246,1
DA:248,1
DA:258,3
LF:69
LH:69
BRDA:33,0,0,1
BRDA:33,0,1,0
BRDA:96,1,0,1
BRDA:96,1,1,2
BRDA:110,2,0,1
BRDA:110,2,1,1
BRDA:113,3,0,1
BRDA:113,3,1,0
BRDA:180,4,0,3
BRDA:180,4,1,0
BRDA:195,5,0,1
BRDA:195,5,1,2
BRDA:198,6,0,1
BRDA:198,6,1,1
BRDA:211,7,0,1
BRDA:211,7,1,1
BRDA:214,8,0,1
BRDA:214,8,1,2
BRF:18
BRH:15
end_of_record
TN:
SF:src\middleware\auth.js
FN:10,(anonymous_0)
FN:17,(anonymous_1)
FNF:2
FNH:2
FNDA:3,(anonymous_0)
FNDA:8,(anonymous_1)
DA:6,2
DA:9,2
DA:10,3
DA:17,2
DA:18,8
DA:21,8
DA:22,1
DA:28,1
DA:35,7
DA:36,1
DA:42,1
DA:49,6
DA:55,6
LF:13
LH:13
BRDA:10,0,0,2
BRDA:10,0,1,1
BRDA:21,1,0,1
BRDA:21,1,1,7
BRDA:35,2,0,1
BRDA:35,2,1,6
BRF:6
BRH:6
end_of_record
TN:
SF:src\middleware\validation.js
FN:12,(anonymous_0)
FN:50,(anonymous_1)
FNF:2
FNH:2
FNDA:6,(anonymous_0)
FNDA:6,(anonymous_1)
DA:6,2
DA:12,2
DA:13,6
DA:16,6
DA:17,2
DA:24,4
DA:26,4
DA:27,0
DA:34,0
DA:41,4
DA:43,4
DA:50,2
DA:52,6
DA:59,6
DA:61,6
DA:62,4
DA:63,16
DA:64,0
DA:72,0
DA:80,6
LF:20
LH:16
BRDA:16,0,0,2
BRDA:16,0,1,4
BRDA:26,1,0,0
BRDA:26,1,1,4
BRDA:61,2,0,4
BRDA:61,2,1,2
BRDA:63,3,0,0
BRDA:63,3,1,16
BRF:8
BRH:6
end_of_record
TN:
SF:src\routes\exportRoutes.js
FNF:0
FNH:0
DA:1,2
DA:2,2
DA:4,2
DA:6,2
DA:7,2
DA:8,2
DA:9,2
DA:11,2
LF:8
LH:8
BRF:0
BRH:0
end_of_record
TN:
SF:src\services\exportService.js
FN:4,(anonymous_0)
FN:5,(anonymous_1)
FN:10,(anonymous_2)
FN:14,(anonymous_3)
FN:15,(anonymous_4)
FN:20,(anonymous_5)
FN:21,(anonymous_6)
FNF:7
FNH:6
FNDA:1,(anonymous_0)
FNDA:1,(anonymous_1)
FNDA:0,(anonymous_2)
FNDA:1,(anonymous_3)
FNDA:1,(anonymous_4)
FNDA:1,(anonymous_5)
FNDA:1,(anonymous_6)
DA:1,2
DA:2,2
DA:4,2
DA:5,1
DA:6,1
DA:10,2
DA:11,0
DA:14,2
DA:15,1
DA:16,1
DA:20,2
DA:21,1
DA:22,1
LF:13
LH:12
BRF:0
BRH:0
end_of_record
TN:
SF:src\utils\csvWriter.js
FN:5,(anonymous_0)
FN:28,(anonymous_1)
FNF:2
FNH:2
FNDA:3,(anonymous_0)
FNDA:3,(anonymous_1)
DA:1,4
DA:2,4
DA:3,4
DA:5,4
DA:6,3
DA:8,3
DA:9,0
DA:12,3
DA:24,3
DA:28,4
DA:29,3
DA:31,3
DA:32,0
DA:35,3
DA:48,3
LF:15
LH:13
BRDA:8,0,0,0
BRDA:8,0,1,3
BRDA:31,1,0,0
BRDA:31,1,1,3
BRF:4
BRH:2
end_of_record
TN:
SF:src\utils\logger.js
FNF:0
FNH:0
DA:1,4
DA:3,4
DA:14,4
LF:3
LH:3
BRF:0
BRH:0
end_of_record
